<?xml version="1.0" encoding="UTF-8"?>
<testng-results skipped="0" failed="0" ignored="0" total="1" passed="1">
  <reporter-output>
  </reporter-output>
  <suite name="Default suite" duration-ms="1774" started-at="2020-03-05T17:17:22 IST" finished-at="2020-03-05T17:17:24 IST">
    <groups>
    </groups>
    <test name="Default test" duration-ms="1774" started-at="2020-03-05T17:17:22 IST" finished-at="2020-03-05T17:17:24 IST">
      <class name="com.qa.test.POSTAPI_test">
        <test-method status="PASS" signature="setUp()[pri:0, instance:com.qa.test.POSTAPI_test@cd2dae5]" name="setUp" is-config="true" duration-ms="4" started-at="2020-03-05T17:17:22 IST" finished-at="2020-03-05T17:17:22 IST">
          <reporter-output>
          </reporter-output>
        </test-method> <!-- setUp -->
        <test-method status="PASS" signature="postAPITest()[pri:0, instance:com.qa.test.POSTAPI_test@cd2dae5]" name="postAPITest" duration-ms="1737" started-at="2020-03-05T17:17:22 IST" finished-at="2020-03-05T17:17:24 IST">
          <reporter-output>
          </reporter-output>
        </test-method> <!-- postAPITest -->
      </class> <!-- com.qa.test.POSTAPI_test -->
    </test> <!-- Default test -->
  </suite> <!-- Default suite -->
</testng-results>
